Starting SellApplication on DESKTOP-H5SQCTP with PID 13200 (D:\XSJ\Java\IDEAWorkSpace\sell\target\classes started by XSJ in D:\XSJ\Java\IDEAWorkSpace\sell)
No active profile set, falling back to default profiles: default
Refreshing org.springframework.boot.web.servlet.context.AnnotationConfigServletWebServerApplicationContext@5656be13: startup date [Sun Aug 05 21:21:30 CST 2018]; root of context hierarchy
Bean 'org.springframework.transaction.annotation.ProxyTransactionManagementConfiguration' of type [org.springframework.transaction.annotation.ProxyTransactionManagementConfiguration$$EnhancerBySpringCGLIB$$8749f09c] is not eligible for getting processed by all BeanPostProcessors (for example: not eligible for auto-proxying)
Tomcat initialized with port(s): 8080 (http)
Initializing ProtocolHandler ["http-nio-8080"]
Starting service [Tomcat]
Starting Servlet Engine: Apache Tomcat/8.5.32
The APR based Apache Tomcat Native library which allows optimal performance in production environments was not found on the java.library.path: [C:\XSJ\BanGong\Java\JDK1.8\bin;C:\WINDOWS\Sun\Java\bin;C:\WINDOWS\system32;C:\WINDOWS;C:\WINDOWS\system32;C:\WINDOWS;C:\WINDOWS\System32\Wbem;C:\WINDOWS\System32\WindowsPowerShell\v1.0\;C:\XSJ\BanGong\Java\JDK1.8\bin;C:\XSJ\BanGong\Java\apache-maven-3.5.3\bin;C:\XSJ\BanGong\SQL\mysql-8.0.11-winx64\bin;D:\XSJ\BanGong\Git\Git\cmd;C:\XSJ\BanGong\node-v8.11.3-win-x64;C:\Users\XSJ\AppData\Local\Microsoft\WindowsApps;.]
Initializing Spring embedded WebApplicationContext
Root WebApplicationContext: initialization completed in 1241 ms
Servlet dispatcherServlet mapped to [/]
Mapping filter: 'characterEncodingFilter' to: [/*]
Mapping filter: 'hiddenHttpMethodFilter' to: [/*]
Mapping filter: 'httpPutFormContentFilter' to: [/*]
Mapping filter: 'requestContextFilter' to: [/*]
HikariPool-1 - Starting...
HikariPool-1 - Start completed.
Building JPA container EntityManagerFactory for persistence unit 'default'
HHH000204: Processing PersistenceUnitInfo [
	name: default
	...]
HHH000412: Hibernate Core {5.2.17.Final}
HHH000206: hibernate.properties not found
HCANN000001: Hibernate Commons Annotations {5.0.1.Final}
HHH000400: Using dialect: org.hibernate.dialect.MySQL5Dialect
Initialized JPA EntityManagerFactory for persistence unit 'default'
Mapped URL path [/**/favicon.ico] onto handler of type [class org.springframework.web.servlet.resource.ResourceHttpRequestHandler]
Looking for @ControllerAdvice: org.springframework.boot.web.servlet.context.AnnotationConfigServletWebServerApplicationContext@5656be13: startup date [Sun Aug 05 21:21:30 CST 2018]; root of context hierarchy
spring.jpa.open-in-view is enabled by default. Therefore, database queries may be performed during view rendering. Explicitly configure spring.jpa.open-in-view to disable this warning
Mapped "{[/buyer/product/list],methods=[GET]}" onto public com.xdarker.vo.ResultVO com.xdarker.controller.BuyerProductController.list()
Mapped "{[/error]}" onto public org.springframework.http.ResponseEntity<java.util.Map<java.lang.String, java.lang.Object>> org.springframework.boot.autoconfigure.web.servlet.error.BasicErrorController.error(javax.servlet.http.HttpServletRequest)
Mapped "{[/error],produces=[text/html]}" onto public org.springframework.web.servlet.ModelAndView org.springframework.boot.autoconfigure.web.servlet.error.BasicErrorController.errorHtml(javax.servlet.http.HttpServletRequest,javax.servlet.http.HttpServletResponse)
Mapped URL path [/webjars/**] onto handler of type [class org.springframework.web.servlet.resource.ResourceHttpRequestHandler]
Mapped URL path [/**] onto handler of type [class org.springframework.web.servlet.resource.ResourceHttpRequestHandler]
Registering beans for JMX exposure on startup
Bean with name 'dataSource' has been autodetected for JMX exposure
Located MBean 'dataSource': registering with JMX server as MBean [com.zaxxer.hikari:name=dataSource,type=HikariDataSource]
Starting ProtocolHandler ["http-nio-8080"]
Using a shared selector for servlet write/read
Tomcat started on port(s): 8080 (http) with context path '/sell'
Started SellApplication in 3.247 seconds (JVM running for 3.737)
Starting SellApplication on DESKTOP-H5SQCTP with PID 12344 (D:\XSJ\Java\IDEAWorkSpace\sell\target\classes started by XSJ in D:\XSJ\Java\IDEAWorkSpace\sell)
No active profile set, falling back to default profiles: default
Refreshing org.springframework.boot.web.servlet.context.AnnotationConfigServletWebServerApplicationContext@34123d65: startup date [Sun Aug 05 21:22:37 CST 2018]; root of context hierarchy
Bean 'org.springframework.transaction.annotation.ProxyTransactionManagementConfiguration' of type [org.springframework.transaction.annotation.ProxyTransactionManagementConfiguration$$EnhancerBySpringCGLIB$$a88d5387] is not eligible for getting processed by all BeanPostProcessors (for example: not eligible for auto-proxying)
Tomcat initialized with port(s): 8088 (http)
Initializing ProtocolHandler ["http-nio-8088"]
Starting service [Tomcat]
Starting Servlet Engine: Apache Tomcat/8.5.32
The APR based Apache Tomcat Native library which allows optimal performance in production environments was not found on the java.library.path: [C:\XSJ\BanGong\Java\JDK1.8\bin;C:\WINDOWS\Sun\Java\bin;C:\WINDOWS\system32;C:\WINDOWS;C:\WINDOWS\system32;C:\WINDOWS;C:\WINDOWS\System32\Wbem;C:\WINDOWS\System32\WindowsPowerShell\v1.0\;C:\XSJ\BanGong\Java\JDK1.8\bin;C:\XSJ\BanGong\Java\apache-maven-3.5.3\bin;C:\XSJ\BanGong\SQL\mysql-8.0.11-winx64\bin;D:\XSJ\BanGong\Git\Git\cmd;C:\XSJ\BanGong\node-v8.11.3-win-x64;C:\Users\XSJ\AppData\Local\Microsoft\WindowsApps;.]
Initializing Spring embedded WebApplicationContext
Root WebApplicationContext: initialization completed in 1211 ms
Servlet dispatcherServlet mapped to [/]
Mapping filter: 'characterEncodingFilter' to: [/*]
Mapping filter: 'hiddenHttpMethodFilter' to: [/*]
Mapping filter: 'httpPutFormContentFilter' to: [/*]
Mapping filter: 'requestContextFilter' to: [/*]
HikariPool-1 - Starting...
HikariPool-1 - Start completed.
Building JPA container EntityManagerFactory for persistence unit 'default'
HHH000204: Processing PersistenceUnitInfo [
	name: default
	...]
HHH000412: Hibernate Core {5.2.17.Final}
HHH000206: hibernate.properties not found
HCANN000001: Hibernate Commons Annotations {5.0.1.Final}
HHH000400: Using dialect: org.hibernate.dialect.MySQL5Dialect
Initialized JPA EntityManagerFactory for persistence unit 'default'
Mapped URL path [/**/favicon.ico] onto handler of type [class org.springframework.web.servlet.resource.ResourceHttpRequestHandler]
Looking for @ControllerAdvice: org.springframework.boot.web.servlet.context.AnnotationConfigServletWebServerApplicationContext@34123d65: startup date [Sun Aug 05 21:22:37 CST 2018]; root of context hierarchy
spring.jpa.open-in-view is enabled by default. Therefore, database queries may be performed during view rendering. Explicitly configure spring.jpa.open-in-view to disable this warning
Mapped "{[/buyer/product/list],methods=[GET]}" onto public com.xdarker.vo.ResultVO com.xdarker.controller.BuyerProductController.list()
Mapped "{[/error]}" onto public org.springframework.http.ResponseEntity<java.util.Map<java.lang.String, java.lang.Object>> org.springframework.boot.autoconfigure.web.servlet.error.BasicErrorController.error(javax.servlet.http.HttpServletRequest)
Mapped "{[/error],produces=[text/html]}" onto public org.springframework.web.servlet.ModelAndView org.springframework.boot.autoconfigure.web.servlet.error.BasicErrorController.errorHtml(javax.servlet.http.HttpServletRequest,javax.servlet.http.HttpServletResponse)
Mapped URL path [/webjars/**] onto handler of type [class org.springframework.web.servlet.resource.ResourceHttpRequestHandler]
Mapped URL path [/**] onto handler of type [class org.springframework.web.servlet.resource.ResourceHttpRequestHandler]
Registering beans for JMX exposure on startup
Bean with name 'dataSource' has been autodetected for JMX exposure
Located MBean 'dataSource': registering with JMX server as MBean [com.zaxxer.hikari:name=dataSource,type=HikariDataSource]
Starting ProtocolHandler ["http-nio-8088"]
Using a shared selector for servlet write/read
Tomcat started on port(s): 8088 (http) with context path '/sell'
Started SellApplication in 3.06 seconds (JVM running for 3.53)
Starting SellApplication on DESKTOP-H5SQCTP with PID 4360 (D:\XSJ\Java\IDEAWorkSpace\sell\target\classes started by XSJ in D:\XSJ\Java\IDEAWorkSpace\sell)
No active profile set, falling back to default profiles: default
Refreshing org.springframework.boot.web.servlet.context.AnnotationConfigServletWebServerApplicationContext@34123d65: startup date [Sun Aug 05 21:27:53 CST 2018]; root of context hierarchy
Bean 'org.springframework.transaction.annotation.ProxyTransactionManagementConfiguration' of type [org.springframework.transaction.annotation.ProxyTransactionManagementConfiguration$$EnhancerBySpringCGLIB$$7b30ecb1] is not eligible for getting processed by all BeanPostProcessors (for example: not eligible for auto-proxying)
Tomcat initialized with port(s): 8088 (http)
Initializing ProtocolHandler ["http-nio-8088"]
Starting service [Tomcat]
Starting Servlet Engine: Apache Tomcat/8.5.32
The APR based Apache Tomcat Native library which allows optimal performance in production environments was not found on the java.library.path: [C:\XSJ\BanGong\Java\JDK1.8\bin;C:\WINDOWS\Sun\Java\bin;C:\WINDOWS\system32;C:\WINDOWS;C:\WINDOWS\system32;C:\WINDOWS;C:\WINDOWS\System32\Wbem;C:\WINDOWS\System32\WindowsPowerShell\v1.0\;C:\XSJ\BanGong\Java\JDK1.8\bin;C:\XSJ\BanGong\Java\apache-maven-3.5.3\bin;C:\XSJ\BanGong\SQL\mysql-8.0.11-winx64\bin;D:\XSJ\BanGong\Git\Git\cmd;C:\XSJ\BanGong\node-v8.11.3-win-x64;C:\Users\XSJ\AppData\Local\Microsoft\WindowsApps;.]
Initializing Spring embedded WebApplicationContext
Root WebApplicationContext: initialization completed in 1156 ms
Servlet dispatcherServlet mapped to [/]
Mapping filter: 'characterEncodingFilter' to: [/*]
Mapping filter: 'hiddenHttpMethodFilter' to: [/*]
Mapping filter: 'httpPutFormContentFilter' to: [/*]
Mapping filter: 'requestContextFilter' to: [/*]
HikariPool-1 - Starting...
HikariPool-1 - Start completed.
Building JPA container EntityManagerFactory for persistence unit 'default'
HHH000204: Processing PersistenceUnitInfo [
	name: default
	...]
HHH000412: Hibernate Core {5.2.17.Final}
HHH000206: hibernate.properties not found
HCANN000001: Hibernate Commons Annotations {5.0.1.Final}
HHH000400: Using dialect: org.hibernate.dialect.MySQL5Dialect
Initialized JPA EntityManagerFactory for persistence unit 'default'
Mapped URL path [/**/favicon.ico] onto handler of type [class org.springframework.web.servlet.resource.ResourceHttpRequestHandler]
Looking for @ControllerAdvice: org.springframework.boot.web.servlet.context.AnnotationConfigServletWebServerApplicationContext@34123d65: startup date [Sun Aug 05 21:27:53 CST 2018]; root of context hierarchy
spring.jpa.open-in-view is enabled by default. Therefore, database queries may be performed during view rendering. Explicitly configure spring.jpa.open-in-view to disable this warning
Mapped "{[/buyer/product/list],methods=[GET]}" onto public com.xdarker.vo.ResultVO com.xdarker.controller.BuyerProductController.list()
Mapped "{[/error]}" onto public org.springframework.http.ResponseEntity<java.util.Map<java.lang.String, java.lang.Object>> org.springframework.boot.autoconfigure.web.servlet.error.BasicErrorController.error(javax.servlet.http.HttpServletRequest)
Mapped "{[/error],produces=[text/html]}" onto public org.springframework.web.servlet.ModelAndView org.springframework.boot.autoconfigure.web.servlet.error.BasicErrorController.errorHtml(javax.servlet.http.HttpServletRequest,javax.servlet.http.HttpServletResponse)
Mapped URL path [/webjars/**] onto handler of type [class org.springframework.web.servlet.resource.ResourceHttpRequestHandler]
Mapped URL path [/**] onto handler of type [class org.springframework.web.servlet.resource.ResourceHttpRequestHandler]
Registering beans for JMX exposure on startup
Bean with name 'dataSource' has been autodetected for JMX exposure
Located MBean 'dataSource': registering with JMX server as MBean [com.zaxxer.hikari:name=dataSource,type=HikariDataSource]
Starting ProtocolHandler ["http-nio-8088"]
Pausing ProtocolHandler ["http-nio-8088"]
Stopping service [Tomcat]
The stop() method was called on component [StandardServer[-1]] after stop() had already been called. The second call will be ignored.
Stopping ProtocolHandler ["http-nio-8088"]
Destroying ProtocolHandler ["http-nio-8088"]


Error starting ApplicationContext. To display the conditions report re-run your application with 'debug' enabled.
Closing org.springframework.boot.web.servlet.context.AnnotationConfigServletWebServerApplicationContext@34123d65: startup date [Sun Aug 05 21:27:53 CST 2018]; root of context hierarchy
Unregistering JMX-exposed beans on shutdown
Unregistering JMX-exposed beans
Closing JPA EntityManagerFactory for persistence unit 'default'
HikariPool-1 - Shutdown initiated...
HikariPool-1 - Shutdown completed.
Starting SellApplication on DESKTOP-H5SQCTP with PID 7148 (D:\XSJ\Java\IDEAWorkSpace\sell\target\classes started by XSJ in D:\XSJ\Java\IDEAWorkSpace\sell)
No active profile set, falling back to default profiles: default
Refreshing org.springframework.boot.web.servlet.context.AnnotationConfigServletWebServerApplicationContext@4218d6a3: startup date [Sun Aug 05 21:30:32 CST 2018]; root of context hierarchy
Bean 'org.springframework.transaction.annotation.ProxyTransactionManagementConfiguration' of type [org.springframework.transaction.annotation.ProxyTransactionManagementConfiguration$$EnhancerBySpringCGLIB$$2c440e3e] is not eligible for getting processed by all BeanPostProcessors (for example: not eligible for auto-proxying)
Tomcat initialized with port(s): 8088 (http)
Initializing ProtocolHandler ["http-nio-8088"]
Starting service [Tomcat]
Starting Servlet Engine: Apache Tomcat/8.5.32
The APR based Apache Tomcat Native library which allows optimal performance in production environments was not found on the java.library.path: [C:\XSJ\BanGong\Java\JDK1.8\bin;C:\WINDOWS\Sun\Java\bin;C:\WINDOWS\system32;C:\WINDOWS;C:\WINDOWS\system32;C:\WINDOWS;C:\WINDOWS\System32\Wbem;C:\WINDOWS\System32\WindowsPowerShell\v1.0\;C:\XSJ\BanGong\Java\JDK1.8\bin;C:\XSJ\BanGong\Java\apache-maven-3.5.3\bin;C:\XSJ\BanGong\SQL\mysql-8.0.11-winx64\bin;D:\XSJ\BanGong\Git\Git\cmd;C:\XSJ\BanGong\node-v8.11.3-win-x64;C:\Users\XSJ\AppData\Local\Microsoft\WindowsApps;.]
Initializing Spring embedded WebApplicationContext
Root WebApplicationContext: initialization completed in 1094 ms
Servlet dispatcherServlet mapped to [/]
Mapping filter: 'characterEncodingFilter' to: [/*]
Mapping filter: 'hiddenHttpMethodFilter' to: [/*]
Mapping filter: 'httpPutFormContentFilter' to: [/*]
Mapping filter: 'requestContextFilter' to: [/*]
HikariPool-1 - Starting...
HikariPool-1 - Start completed.
Building JPA container EntityManagerFactory for persistence unit 'default'
HHH000204: Processing PersistenceUnitInfo [
	name: default
	...]
HHH000412: Hibernate Core {5.2.17.Final}
HHH000206: hibernate.properties not found
HCANN000001: Hibernate Commons Annotations {5.0.1.Final}
HHH000400: Using dialect: org.hibernate.dialect.MySQL5Dialect
Initialized JPA EntityManagerFactory for persistence unit 'default'
Mapped URL path [/**/favicon.ico] onto handler of type [class org.springframework.web.servlet.resource.ResourceHttpRequestHandler]
Looking for @ControllerAdvice: org.springframework.boot.web.servlet.context.AnnotationConfigServletWebServerApplicationContext@4218d6a3: startup date [Sun Aug 05 21:30:32 CST 2018]; root of context hierarchy
spring.jpa.open-in-view is enabled by default. Therefore, database queries may be performed during view rendering. Explicitly configure spring.jpa.open-in-view to disable this warning
Mapped "{[/buyer/product/list],methods=[GET]}" onto public com.xdarker.vo.ResultVO com.xdarker.controller.BuyerProductController.list()
Mapped "{[/error]}" onto public org.springframework.http.ResponseEntity<java.util.Map<java.lang.String, java.lang.Object>> org.springframework.boot.autoconfigure.web.servlet.error.BasicErrorController.error(javax.servlet.http.HttpServletRequest)
Mapped "{[/error],produces=[text/html]}" onto public org.springframework.web.servlet.ModelAndView org.springframework.boot.autoconfigure.web.servlet.error.BasicErrorController.errorHtml(javax.servlet.http.HttpServletRequest,javax.servlet.http.HttpServletResponse)
Mapped URL path [/webjars/**] onto handler of type [class org.springframework.web.servlet.resource.ResourceHttpRequestHandler]
Mapped URL path [/**] onto handler of type [class org.springframework.web.servlet.resource.ResourceHttpRequestHandler]
Registering beans for JMX exposure on startup
Bean with name 'dataSource' has been autodetected for JMX exposure
Located MBean 'dataSource': registering with JMX server as MBean [com.zaxxer.hikari:name=dataSource,type=HikariDataSource]
Starting ProtocolHandler ["http-nio-8088"]
Pausing ProtocolHandler ["http-nio-8088"]
Stopping service [Tomcat]
The stop() method was called on component [StandardServer[-1]] after stop() had already been called. The second call will be ignored.
Stopping ProtocolHandler ["http-nio-8088"]
Destroying ProtocolHandler ["http-nio-8088"]


Error starting ApplicationContext. To display the conditions report re-run your application with 'debug' enabled.
Closing org.springframework.boot.web.servlet.context.AnnotationConfigServletWebServerApplicationContext@4218d6a3: startup date [Sun Aug 05 21:30:32 CST 2018]; root of context hierarchy
Unregistering JMX-exposed beans on shutdown
Unregistering JMX-exposed beans
Closing JPA EntityManagerFactory for persistence unit 'default'
HikariPool-1 - Shutdown initiated...
HikariPool-1 - Shutdown completed.
Starting SellApplication on DESKTOP-H5SQCTP with PID 5144 (D:\XSJ\Java\IDEAWorkSpace\sell\target\classes started by XSJ in D:\XSJ\Java\IDEAWorkSpace\sell)
No active profile set, falling back to default profiles: default
Refreshing org.springframework.boot.web.servlet.context.AnnotationConfigServletWebServerApplicationContext@34123d65: startup date [Sun Aug 05 21:30:43 CST 2018]; root of context hierarchy
Bean 'org.springframework.transaction.annotation.ProxyTransactionManagementConfiguration' of type [org.springframework.transaction.annotation.ProxyTransactionManagementConfiguration$$EnhancerBySpringCGLIB$$9393098e] is not eligible for getting processed by all BeanPostProcessors (for example: not eligible for auto-proxying)
Tomcat initialized with port(s): 8080 (http)
Initializing ProtocolHandler ["http-nio-8080"]
Starting service [Tomcat]
Starting Servlet Engine: Apache Tomcat/8.5.32
The APR based Apache Tomcat Native library which allows optimal performance in production environments was not found on the java.library.path: [C:\XSJ\BanGong\Java\JDK1.8\bin;C:\WINDOWS\Sun\Java\bin;C:\WINDOWS\system32;C:\WINDOWS;C:\WINDOWS\system32;C:\WINDOWS;C:\WINDOWS\System32\Wbem;C:\WINDOWS\System32\WindowsPowerShell\v1.0\;C:\XSJ\BanGong\Java\JDK1.8\bin;C:\XSJ\BanGong\Java\apache-maven-3.5.3\bin;C:\XSJ\BanGong\SQL\mysql-8.0.11-winx64\bin;D:\XSJ\BanGong\Git\Git\cmd;C:\XSJ\BanGong\node-v8.11.3-win-x64;C:\Users\XSJ\AppData\Local\Microsoft\WindowsApps;.]
Initializing Spring embedded WebApplicationContext
Root WebApplicationContext: initialization completed in 1236 ms
Servlet dispatcherServlet mapped to [/]
Mapping filter: 'characterEncodingFilter' to: [/*]
Mapping filter: 'hiddenHttpMethodFilter' to: [/*]
Mapping filter: 'httpPutFormContentFilter' to: [/*]
Mapping filter: 'requestContextFilter' to: [/*]
HikariPool-1 - Starting...
HikariPool-1 - Start completed.
Building JPA container EntityManagerFactory for persistence unit 'default'
HHH000204: Processing PersistenceUnitInfo [
	name: default
	...]
HHH000412: Hibernate Core {5.2.17.Final}
HHH000206: hibernate.properties not found
HCANN000001: Hibernate Commons Annotations {5.0.1.Final}
HHH000400: Using dialect: org.hibernate.dialect.MySQL5Dialect
Initialized JPA EntityManagerFactory for persistence unit 'default'
Mapped URL path [/**/favicon.ico] onto handler of type [class org.springframework.web.servlet.resource.ResourceHttpRequestHandler]
Looking for @ControllerAdvice: org.springframework.boot.web.servlet.context.AnnotationConfigServletWebServerApplicationContext@34123d65: startup date [Sun Aug 05 21:30:43 CST 2018]; root of context hierarchy
spring.jpa.open-in-view is enabled by default. Therefore, database queries may be performed during view rendering. Explicitly configure spring.jpa.open-in-view to disable this warning
Mapped "{[/buyer/product/list],methods=[GET]}" onto public com.xdarker.vo.ResultVO com.xdarker.controller.BuyerProductController.list()
Mapped "{[/error]}" onto public org.springframework.http.ResponseEntity<java.util.Map<java.lang.String, java.lang.Object>> org.springframework.boot.autoconfigure.web.servlet.error.BasicErrorController.error(javax.servlet.http.HttpServletRequest)
Mapped "{[/error],produces=[text/html]}" onto public org.springframework.web.servlet.ModelAndView org.springframework.boot.autoconfigure.web.servlet.error.BasicErrorController.errorHtml(javax.servlet.http.HttpServletRequest,javax.servlet.http.HttpServletResponse)
Mapped URL path [/webjars/**] onto handler of type [class org.springframework.web.servlet.resource.ResourceHttpRequestHandler]
Mapped URL path [/**] onto handler of type [class org.springframework.web.servlet.resource.ResourceHttpRequestHandler]
Registering beans for JMX exposure on startup
Bean with name 'dataSource' has been autodetected for JMX exposure
Located MBean 'dataSource': registering with JMX server as MBean [com.zaxxer.hikari:name=dataSource,type=HikariDataSource]
Starting ProtocolHandler ["http-nio-8080"]
Using a shared selector for servlet write/read
Tomcat started on port(s): 8080 (http) with context path '/sell'
Started SellApplication in 3.15 seconds (JVM running for 3.615)
Starting SellApplication on DESKTOP-H5SQCTP with PID 3404 (D:\XSJ\Java\IDEAWorkSpace\sell\target\classes started by XSJ in D:\XSJ\Java\IDEAWorkSpace\sell)
No active profile set, falling back to default profiles: default
Refreshing org.springframework.boot.web.servlet.context.AnnotationConfigServletWebServerApplicationContext@4426bff1: startup date [Sun Aug 05 21:33:16 CST 2018]; root of context hierarchy
Bean 'org.springframework.transaction.annotation.ProxyTransactionManagementConfiguration' of type [org.springframework.transaction.annotation.ProxyTransactionManagementConfiguration$$EnhancerBySpringCGLIB$$155cd7ca] is not eligible for getting processed by all BeanPostProcessors (for example: not eligible for auto-proxying)
Tomcat initialized with port(s): 8088 (http)
Initializing ProtocolHandler ["http-nio-8088"]
Starting service [Tomcat]
Starting Servlet Engine: Apache Tomcat/8.5.32
The APR based Apache Tomcat Native library which allows optimal performance in production environments was not found on the java.library.path: [C:\XSJ\BanGong\Java\JDK1.8\bin;C:\WINDOWS\Sun\Java\bin;C:\WINDOWS\system32;C:\WINDOWS;C:\WINDOWS\system32;C:\WINDOWS;C:\WINDOWS\System32\Wbem;C:\WINDOWS\System32\WindowsPowerShell\v1.0\;C:\XSJ\BanGong\Java\JDK1.8\bin;C:\XSJ\BanGong\Java\apache-maven-3.5.3\bin;C:\XSJ\BanGong\SQL\mysql-8.0.11-winx64\bin;D:\XSJ\BanGong\Git\Git\cmd;C:\XSJ\BanGong\node-v8.11.3-win-x64;C:\Users\XSJ\AppData\Local\Microsoft\WindowsApps;.]
Initializing Spring embedded WebApplicationContext
Root WebApplicationContext: initialization completed in 1304 ms
Servlet dispatcherServlet mapped to [/]
Mapping filter: 'characterEncodingFilter' to: [/*]
Mapping filter: 'hiddenHttpMethodFilter' to: [/*]
Mapping filter: 'httpPutFormContentFilter' to: [/*]
Mapping filter: 'requestContextFilter' to: [/*]
HikariPool-1 - Starting...
HikariPool-1 - Start completed.
Building JPA container EntityManagerFactory for persistence unit 'default'
HHH000204: Processing PersistenceUnitInfo [
	name: default
	...]
HHH000412: Hibernate Core {5.2.17.Final}
HHH000206: hibernate.properties not found
HCANN000001: Hibernate Commons Annotations {5.0.1.Final}
HHH000400: Using dialect: org.hibernate.dialect.MySQL5Dialect
Initialized JPA EntityManagerFactory for persistence unit 'default'
Mapped URL path [/**/favicon.ico] onto handler of type [class org.springframework.web.servlet.resource.ResourceHttpRequestHandler]
Looking for @ControllerAdvice: org.springframework.boot.web.servlet.context.AnnotationConfigServletWebServerApplicationContext@4426bff1: startup date [Sun Aug 05 21:33:16 CST 2018]; root of context hierarchy
spring.jpa.open-in-view is enabled by default. Therefore, database queries may be performed during view rendering. Explicitly configure spring.jpa.open-in-view to disable this warning
Mapped "{[/buyer/product/list],methods=[GET]}" onto public com.xdarker.vo.ResultVO com.xdarker.controller.BuyerProductController.list()
Mapped "{[/error]}" onto public org.springframework.http.ResponseEntity<java.util.Map<java.lang.String, java.lang.Object>> org.springframework.boot.autoconfigure.web.servlet.error.BasicErrorController.error(javax.servlet.http.HttpServletRequest)
Mapped "{[/error],produces=[text/html]}" onto public org.springframework.web.servlet.ModelAndView org.springframework.boot.autoconfigure.web.servlet.error.BasicErrorController.errorHtml(javax.servlet.http.HttpServletRequest,javax.servlet.http.HttpServletResponse)
Mapped URL path [/webjars/**] onto handler of type [class org.springframework.web.servlet.resource.ResourceHttpRequestHandler]
Mapped URL path [/**] onto handler of type [class org.springframework.web.servlet.resource.ResourceHttpRequestHandler]
Registering beans for JMX exposure on startup
Bean with name 'dataSource' has been autodetected for JMX exposure
Located MBean 'dataSource': registering with JMX server as MBean [com.zaxxer.hikari:name=dataSource,type=HikariDataSource]
Starting ProtocolHandler ["http-nio-8088"]
Pausing ProtocolHandler ["http-nio-8088"]
Stopping service [Tomcat]
The stop() method was called on component [StandardServer[-1]] after stop() had already been called. The second call will be ignored.
Stopping ProtocolHandler ["http-nio-8088"]
Destroying ProtocolHandler ["http-nio-8088"]


Error starting ApplicationContext. To display the conditions report re-run your application with 'debug' enabled.
Closing org.springframework.boot.web.servlet.context.AnnotationConfigServletWebServerApplicationContext@4426bff1: startup date [Sun Aug 05 21:33:16 CST 2018]; root of context hierarchy
Unregistering JMX-exposed beans on shutdown
Unregistering JMX-exposed beans
Closing JPA EntityManagerFactory for persistence unit 'default'
HikariPool-1 - Shutdown initiated...
HikariPool-1 - Shutdown completed.
Starting SellApplication on DESKTOP-H5SQCTP with PID 1356 (D:\XSJ\Java\IDEAWorkSpace\sell\target\classes started by XSJ in D:\XSJ\Java\IDEAWorkSpace\sell)
No active profile set, falling back to default profiles: default
Refreshing org.springframework.boot.web.servlet.context.AnnotationConfigServletWebServerApplicationContext@4218d6a3: startup date [Sun Aug 05 21:34:44 CST 2018]; root of context hierarchy
Bean 'org.springframework.transaction.annotation.ProxyTransactionManagementConfiguration' of type [org.springframework.transaction.annotation.ProxyTransactionManagementConfiguration$$EnhancerBySpringCGLIB$$5a80b961] is not eligible for getting processed by all BeanPostProcessors (for example: not eligible for auto-proxying)
Tomcat initialized with port(s): 8080 (http)
Initializing ProtocolHandler ["http-nio-8080"]
Starting service [Tomcat]
Starting Servlet Engine: Apache Tomcat/8.5.32
The APR based Apache Tomcat Native library which allows optimal performance in production environments was not found on the java.library.path: [C:\XSJ\BanGong\Java\JDK1.8\bin;C:\WINDOWS\Sun\Java\bin;C:\WINDOWS\system32;C:\WINDOWS;C:\WINDOWS\system32;C:\WINDOWS;C:\WINDOWS\System32\Wbem;C:\WINDOWS\System32\WindowsPowerShell\v1.0\;C:\XSJ\BanGong\Java\JDK1.8\bin;C:\XSJ\BanGong\Java\apache-maven-3.5.3\bin;C:\XSJ\BanGong\SQL\mysql-8.0.11-winx64\bin;D:\XSJ\BanGong\Git\Git\cmd;C:\XSJ\BanGong\node-v8.11.3-win-x64;C:\Users\XSJ\AppData\Local\Microsoft\WindowsApps;.]
Initializing Spring embedded WebApplicationContext
Root WebApplicationContext: initialization completed in 1198 ms
Servlet dispatcherServlet mapped to [/]
Mapping filter: 'characterEncodingFilter' to: [/*]
Mapping filter: 'hiddenHttpMethodFilter' to: [/*]
Mapping filter: 'httpPutFormContentFilter' to: [/*]
Mapping filter: 'requestContextFilter' to: [/*]
HikariPool-1 - Starting...
HikariPool-1 - Start completed.
Building JPA container EntityManagerFactory for persistence unit 'default'
HHH000204: Processing PersistenceUnitInfo [
	name: default
	...]
HHH000412: Hibernate Core {5.2.17.Final}
HHH000206: hibernate.properties not found
HCANN000001: Hibernate Commons Annotations {5.0.1.Final}
HHH000400: Using dialect: org.hibernate.dialect.MySQL5Dialect
Initialized JPA EntityManagerFactory for persistence unit 'default'
Mapped URL path [/**/favicon.ico] onto handler of type [class org.springframework.web.servlet.resource.ResourceHttpRequestHandler]
Looking for @ControllerAdvice: org.springframework.boot.web.servlet.context.AnnotationConfigServletWebServerApplicationContext@4218d6a3: startup date [Sun Aug 05 21:34:44 CST 2018]; root of context hierarchy
spring.jpa.open-in-view is enabled by default. Therefore, database queries may be performed during view rendering. Explicitly configure spring.jpa.open-in-view to disable this warning
Mapped "{[/buyer/product/list],methods=[GET]}" onto public com.xdarker.vo.ResultVO com.xdarker.controller.BuyerProductController.list()
Mapped "{[/error]}" onto public org.springframework.http.ResponseEntity<java.util.Map<java.lang.String, java.lang.Object>> org.springframework.boot.autoconfigure.web.servlet.error.BasicErrorController.error(javax.servlet.http.HttpServletRequest)
Mapped "{[/error],produces=[text/html]}" onto public org.springframework.web.servlet.ModelAndView org.springframework.boot.autoconfigure.web.servlet.error.BasicErrorController.errorHtml(javax.servlet.http.HttpServletRequest,javax.servlet.http.HttpServletResponse)
Mapped URL path [/webjars/**] onto handler of type [class org.springframework.web.servlet.resource.ResourceHttpRequestHandler]
Mapped URL path [/**] onto handler of type [class org.springframework.web.servlet.resource.ResourceHttpRequestHandler]
Registering beans for JMX exposure on startup
Bean with name 'dataSource' has been autodetected for JMX exposure
Located MBean 'dataSource': registering with JMX server as MBean [com.zaxxer.hikari:name=dataSource,type=HikariDataSource]
Starting ProtocolHandler ["http-nio-8080"]
Using a shared selector for servlet write/read
Tomcat started on port(s): 8080 (http) with context path '/sell'
Started SellApplication in 3.267 seconds (JVM running for 3.786)
Starting SellApplication on DESKTOP-H5SQCTP with PID 11776 (D:\XSJ\Java\IDEAWorkSpace\sell\target\classes started by XSJ in D:\XSJ\Java\IDEAWorkSpace\sell)
No active profile set, falling back to default profiles: default
Refreshing org.springframework.boot.web.servlet.context.AnnotationConfigServletWebServerApplicationContext@34123d65: startup date [Sun Aug 05 21:37:20 CST 2018]; root of context hierarchy
Bean 'org.springframework.transaction.annotation.ProxyTransactionManagementConfiguration' of type [org.springframework.transaction.annotation.ProxyTransactionManagementConfiguration$$EnhancerBySpringCGLIB$$42a62c85] is not eligible for getting processed by all BeanPostProcessors (for example: not eligible for auto-proxying)
Tomcat initialized with port(s): 8088 (http)
Initializing ProtocolHandler ["http-nio-8088"]
Starting service [Tomcat]
Starting Servlet Engine: Apache Tomcat/8.5.32
The APR based Apache Tomcat Native library which allows optimal performance in production environments was not found on the java.library.path: [C:\XSJ\BanGong\Java\JDK1.8\bin;C:\WINDOWS\Sun\Java\bin;C:\WINDOWS\system32;C:\WINDOWS;C:\WINDOWS\system32;C:\WINDOWS;C:\WINDOWS\System32\Wbem;C:\WINDOWS\System32\WindowsPowerShell\v1.0\;C:\XSJ\BanGong\Java\JDK1.8\bin;C:\XSJ\BanGong\Java\apache-maven-3.5.3\bin;C:\XSJ\BanGong\SQL\mysql-8.0.11-winx64\bin;D:\XSJ\BanGong\Git\Git\cmd;C:\XSJ\BanGong\node-v8.11.3-win-x64;C:\Users\XSJ\AppData\Local\Microsoft\WindowsApps;.]
Initializing Spring embedded WebApplicationContext
Root WebApplicationContext: initialization completed in 1259 ms
Servlet dispatcherServlet mapped to [/]
Mapping filter: 'characterEncodingFilter' to: [/*]
Mapping filter: 'hiddenHttpMethodFilter' to: [/*]
Mapping filter: 'httpPutFormContentFilter' to: [/*]
Mapping filter: 'requestContextFilter' to: [/*]
HikariPool-1 - Starting...
HikariPool-1 - Start completed.
Building JPA container EntityManagerFactory for persistence unit 'default'
HHH000204: Processing PersistenceUnitInfo [
	name: default
	...]
HHH000412: Hibernate Core {5.2.17.Final}
HHH000206: hibernate.properties not found
HCANN000001: Hibernate Commons Annotations {5.0.1.Final}
HHH000400: Using dialect: org.hibernate.dialect.MySQL5Dialect
Initialized JPA EntityManagerFactory for persistence unit 'default'
Mapped URL path [/**/favicon.ico] onto handler of type [class org.springframework.web.servlet.resource.ResourceHttpRequestHandler]
Looking for @ControllerAdvice: org.springframework.boot.web.servlet.context.AnnotationConfigServletWebServerApplicationContext@34123d65: startup date [Sun Aug 05 21:37:20 CST 2018]; root of context hierarchy
spring.jpa.open-in-view is enabled by default. Therefore, database queries may be performed during view rendering. Explicitly configure spring.jpa.open-in-view to disable this warning
Mapped "{[/buyer/product/list],methods=[GET]}" onto public com.xdarker.vo.ResultVO com.xdarker.controller.BuyerProductController.list()
Mapped "{[/error]}" onto public org.springframework.http.ResponseEntity<java.util.Map<java.lang.String, java.lang.Object>> org.springframework.boot.autoconfigure.web.servlet.error.BasicErrorController.error(javax.servlet.http.HttpServletRequest)
Mapped "{[/error],produces=[text/html]}" onto public org.springframework.web.servlet.ModelAndView org.springframework.boot.autoconfigure.web.servlet.error.BasicErrorController.errorHtml(javax.servlet.http.HttpServletRequest,javax.servlet.http.HttpServletResponse)
Mapped URL path [/webjars/**] onto handler of type [class org.springframework.web.servlet.resource.ResourceHttpRequestHandler]
Mapped URL path [/**] onto handler of type [class org.springframework.web.servlet.resource.ResourceHttpRequestHandler]
Registering beans for JMX exposure on startup
Bean with name 'dataSource' has been autodetected for JMX exposure
Located MBean 'dataSource': registering with JMX server as MBean [com.zaxxer.hikari:name=dataSource,type=HikariDataSource]
Starting ProtocolHandler ["http-nio-8088"]
Pausing ProtocolHandler ["http-nio-8088"]
Stopping service [Tomcat]
The stop() method was called on component [StandardServer[-1]] after stop() had already been called. The second call will be ignored.
Stopping ProtocolHandler ["http-nio-8088"]
Destroying ProtocolHandler ["http-nio-8088"]


Error starting ApplicationContext. To display the conditions report re-run your application with 'debug' enabled.
Closing org.springframework.boot.web.servlet.context.AnnotationConfigServletWebServerApplicationContext@34123d65: startup date [Sun Aug 05 21:37:20 CST 2018]; root of context hierarchy
Unregistering JMX-exposed beans on shutdown
Unregistering JMX-exposed beans
Closing JPA EntityManagerFactory for persistence unit 'default'
HikariPool-1 - Shutdown initiated...
HikariPool-1 - Shutdown completed.
